<?xml version="1.0" encoding="UTF-8"?>
<!-- Generated by org.testng.reporters.JUnitReportReporter -->
<testsuite hostname="DESKTOP-S2BGV7B" failures="0" tests="1" name="testing.parameters.dataprovider.ParametersSample" time="18.041" errors="0" timestamp="2024-02-15T17:56:12 IST" skipped="0">
  <testcase classname="testing.parameters.dataprovider.ParametersSample" name="searchJava" time="18.041"/>
  <system-out/>
</testsuite> <!-- testing.parameters.dataprovider.ParametersSample -->
