<?xml version="1.0" encoding="UTF-8"?>
<!-- Generated by org.testng.reporters.JUnitReportReporter -->
<testsuite hostname="DESKTOP-S2BGV7B" failures="0" tests="2" name="testing.parameters.dataprovider.DataProviderSample" time="23.360" errors="0" timestamp="2024-02-17T17:22:21 IST" skipped="0">
  <testcase classname="testing.parameters.dataprovider.DataProviderSample" name="login" time="14.080"/>
  <system-out/>
  <testcase classname="testing.parameters.dataprovider.DataProviderSample" name="login" time="9.280"/>
  <system-out/>
</testsuite> <!-- testing.parameters.dataprovider.DataProviderSample -->
