<?xml version="1.0" encoding="UTF-8"?>
<!-- Generated by org.testng.reporters.JUnitReportReporter -->
<testsuite hostname="DESKTOP-S2BGV7B" failures="0" tests="1" name="sample.testng.attributes.Description" time="0.012" errors="0" timestamp="2024-02-12T12:31:02 IST" skipped="0">
  <testcase classname="sample.testng.attributes.Description" name="sample" time="0.012"/>
  <system-out/>
</testsuite> <!-- sample.testng.attributes.Description -->
