<?xml version="1.0" encoding="UTF-8"?>
<!-- Generated by org.testng.reporters.JUnitReportReporter -->
<testsuite hostname="DESKTOP-S2BGV7B" failures="0" tests="1" name="testng.extent.reports.ReportSampleTask" time="18.442" errors="0" timestamp="2024-02-17T21:32:39 IST" skipped="0">
  <testcase classname="testng.extent.reports.ReportSampleTask" name="adactinlogin" time="18.442"/>
  <system-out/>
</testsuite> <!-- testng.extent.reports.ReportSampleTask -->
