<?xml version="1.0" encoding="UTF-8"?>
<!-- Generated by org.testng.reporters.JUnitReportReporter -->
<testsuite hostname="DESKTOP-S2BGV7B" failures="0" tests="2" name="sample.testng.attributes.Enabled" time="0.014" errors="0" timestamp="2024-02-12T12:25:38 IST" skipped="1">
  <testcase classname="sample.testng.attributes.Enabled" name="sample" time="0.014"/>
  <system-out/>
  <testcase classname="sample.testng.attributes.Enabled" name="sample1">
    <skipped/>
  </testcase> <!-- sample1 -->
  <system-out/>
</testsuite> <!-- sample.testng.attributes.Enabled -->
