<?xml version="1.0" encoding="UTF-8"?>
<!-- Generated by org.testng.reporters.JUnitReportReporter -->
<testsuite hostname="DESKTOP-S2BGV7B" failures="0" tests="2" name="sample.testing.attributes.Enabled" time="0.001" errors="0" timestamp="2024-02-15T16:03:16 IST" skipped="1">
  <testcase classname="sample.testing.attributes.Enabled" name="sample" time="0.001"/>
  <system-out/>
  <testcase classname="sample.testing.attributes.Enabled" name="sample1">
    <skipped/>
  </testcase> <!-- sample1 -->
  <system-out/>
</testsuite> <!-- sample.testing.attributes.Enabled -->
