<?xml version="1.0" encoding="UTF-8"?>
<!-- Generated by org.testng.reporters.JUnitReportReporter -->
<testsuite hostname="DESKTOP-S2BGV7B" failures="0" tests="4" name="tesing.groups.GroupsSample" time="0.030" errors="0" timestamp="2024-02-17T18:09:03 IST" skipped="0">
  <testcase classname="tesing.groups.GroupsSample" name="test6" time="0.018"/>
  <system-out/>
  <testcase classname="tesing.groups.GroupsSample" name="test8" time="0.002"/>
  <system-out/>
  <testcase classname="tesing.groups.GroupsSample" name="test9" time="0.003"/>
  <system-out/>
  <testcase classname="tesing.groups.GroupsSample" name="test7" time="0.007"/>
  <system-out/>
</testsuite> <!-- tesing.groups.GroupsSample -->
