<?xml version="1.0" encoding="UTF-8"?>
<!-- Generated by org.testng.reporters.JUnitReportReporter -->
<testsuite hostname="DESKTOP-S2BGV7B" failures="0" tests="3" name="testng.crossbrowser.parallel.CrossBrowserTest" time="53.006" errors="0" timestamp="2024-02-17T18:35:59 IST" skipped="0">
  <testcase classname="testng.crossbrowser.parallel.CrossBrowserTest" name="SearchJava" time="12.690"/>
  <system-out/>
  <testcase classname="testng.crossbrowser.parallel.CrossBrowserTest" name="SearchJava" time="15.179"/>
  <system-out/>
  <testcase classname="testng.crossbrowser.parallel.CrossBrowserTest" name="SearchJava" time="25.137"/>
  <system-out/>
</testsuite> <!-- testng.crossbrowser.parallel.CrossBrowserTest -->
