<?xml version="1.0" encoding="UTF-8"?>
<!-- Generated by org.testng.reporters.JUnitReportReporter -->
<testsuite hostname="DESKTOP-S2BGV7B" failures="0" tests="4" name="testng.crossbrowser.parallel.ParallelTest" time="56.973" errors="0" timestamp="2024-02-17T19:09:52 IST" skipped="0">
  <testcase classname="testng.crossbrowser.parallel.ParallelTest" name="searchSelenium" time="10.748"/>
  <system-out/>
  <testcase classname="testng.crossbrowser.parallel.ParallelTest" name="searchjava" time="12.733"/>
  <system-out/>
  <testcase classname="testng.crossbrowser.parallel.ParallelTest" name="fblogin" time="13.782"/>
  <system-out/>
  <testcase classname="testng.crossbrowser.parallel.ParallelTest" name="AdactinLogin" time="19.710"/>
  <system-out/>
</testsuite> <!-- testng.crossbrowser.parallel.ParallelTest -->
