<?xml version="1.0" encoding="UTF-8"?>
<!-- Generated by org.testng.reporters.JUnitReportReporter -->
<testsuite hostname="DESKTOP-S2BGV7B" failures="0" tests="3" name="sample.testng.attributes.DependsonMethods" time="0.005" errors="0" timestamp="2024-02-12T12:25:38 IST" skipped="0">
  <testcase classname="sample.testng.attributes.DependsonMethods" name="addToCart" time="0.002"/>
  <system-out/>
  <testcase classname="sample.testng.attributes.DependsonMethods" name="checkout" time="0.001"/>
  <system-out/>
  <testcase classname="sample.testng.attributes.DependsonMethods" name="login" time="0.002"/>
  <system-out/>
</testsuite> <!-- sample.testng.attributes.DependsonMethods -->
