<?xml version="1.0" encoding="UTF-8"?>
<!-- Generated by org.testng.reporters.JUnitReportReporter -->
<testsuite hostname="DESKTOP-S2BGV7B" failures="0" tests="6" name="sample.testng.attributes.Priority" time="0.022" errors="0" timestamp="2024-02-12T11:50:32 IST" skipped="0">
  <testcase classname="sample.testng.attributes.Priority" name="testss" time="0.014"/>
  <system-out/>
  <testcase classname="sample.testng.attributes.Priority" name="testsf" time="0.002"/>
  <system-out/>
  <testcase classname="sample.testng.attributes.Priority" name="testsa" time="0.002"/>
  <system-out/>
  <testcase classname="sample.testng.attributes.Priority" name="testsy" time="0.002"/>
  <system-out/>
  <testcase classname="sample.testng.attributes.Priority" name="testsr" time="0.001"/>
  <system-out/>
  <testcase classname="sample.testng.attributes.Priority" name="tests" time="0.001"/>
  <system-out/>
</testsuite> <!-- sample.testng.attributes.Priority -->
