<?xml version="1.0" encoding="UTF-8"?>
<!-- Generated by org.testng.reporters.JUnitReportReporter -->
<testsuite hostname="DESKTOP-S2BGV7B" failures="0" tests="2" name="sample.testng.attributes.SampleAnnotations" time="0.012" errors="0" timestamp="2024-02-12T11:26:11 IST" skipped="0">
  <testcase classname="sample.testng.attributes.SampleAnnotations" name="test2" time="0.004"/>
  <system-out/>
  <testcase classname="sample.testng.attributes.SampleAnnotations" name="test1" time="0.008"/>
  <system-out/>
</testsuite> <!-- sample.testng.attributes.SampleAnnotations -->
