<?xml version="1.0" encoding="UTF-8"?>
<!-- Generated by org.testng.reporters.JUnitReportReporter -->
<testsuite hostname="DESKTOP-S2BGV7B" failures="0" tests="5" name="sample.testing.attributes.ThreadPoolSize" time="78.492" errors="0" timestamp="2024-02-14T20:12:23 IST" skipped="0">
  <testcase classname="sample.testing.attributes.ThreadPoolSize" name="Test1" time="12.039"/>
  <system-out/>
  <testcase classname="sample.testing.attributes.ThreadPoolSize" name="Test1" time="20.675"/>
  <system-out/>
  <testcase classname="sample.testing.attributes.ThreadPoolSize" name="Test1" time="13.123"/>
  <system-out/>
  <testcase classname="sample.testing.attributes.ThreadPoolSize" name="Test1" time="15.326"/>
  <system-out/>
  <testcase classname="sample.testing.attributes.ThreadPoolSize" name="Test1" time="17.329"/>
  <system-out/>
</testsuite> <!-- sample.testing.attributes.ThreadPoolSize -->
